[1m[0;36m
╔══════════════════════════════════════════════════════╗
║   ACM GitOps Troubleshooter — 2026-05-05 10:24:04    ║
╚══════════════════════════════════════════════════════╝
[0m
  GitOps namespace : openshift-gitops
  ACM namespace    : open-cluster-management
  Log file         : acm-gitops-troubleshoot-20260505-102404.log

[1m[0;34m══════════════════════════════════════════════[0m
[1m[0;34m  1. CLI Tool Check[0m
[1m[0;34m══════════════════════════════════════════════[0m
  [0;32m✔ oc found: Client Version: 4.16.0-202502250034.p0.gcf533b5.assembly.stream.el9-cf533b5[0m

[1m[0;34m══════════════════════════════════════════════[0m
[1m[0;34m  2. Cluster Connectivity[0m
[1m[0;34m══════════════════════════════════════════════[0m
  [0;32m✔ Connected to cluster[0m
  [0;36mℹ Server: [0;33mhttps://api.cluster-8bzcr.dynamic.redhatworkshops.io:6443[0m[0m
  [0;36mℹ Current context: default/api-cluster-8bzcr-dynamic-redhatworkshops-io:6443/admin[0m
  [0;36mℹ Current user: admin[0m

[1m[0;34m══════════════════════════════════════════════[0m
[1m[0;34m  3. ACM Operator[0m
[1m[0;34m══════════════════════════════════════════════[0m
  [0;32m✔ Namespace 'open-cluster-management' exists[0m
  [0;32m✔ MultiClusterHub found[0m

  [1m$ oc get multiclusterhub -n open-cluster-management[0m
NAME              STATUS    AGE   CURRENTVERSION   DESIREDVERSION
multiclusterhub   Running   25h   2.16.0           2.16.0
  [0;32m✔ MultiClusterHub phase: Running[0m

  [1mACM Pods:[0m

  [1m$ oc get pods -n open-cluster-management --no-headers | grep -v Running | grep -v Completed || echo '  All pods Running/Completed'[0m
  All pods Running/Completed

[1m[0;34m══════════════════════════════════════════════[0m
[1m[0;34m  4. OpenShift GitOps Operator[0m
[1m[0;34m══════════════════════════════════════════════[0m
  [0;32m✔ Namespace 'openshift-gitops' exists[0m
  [0;32m✔ All GitOps pods are Running[0m

  [1m$ oc get pods -n openshift-gitops[0m
NAME                                                          READY   STATUS    RESTARTS   AGE
cluster-59c5568bdf-7g7wr                                      1/1     Running   0          20h
gitops-plugin-c4947c8d4-kmlg6                                 1/1     Running   0          20h
openshift-gitops-application-controller-0                     1/1     Running   0          20h
openshift-gitops-applicationset-controller-69c9c64c65-gv579   1/1     Running   0          20h
openshift-gitops-dex-server-bbdffd9c9-hwxbz                   1/1     Running   0          20h
openshift-gitops-redis-68469975f8-v7khk                       1/1     Running   0          20h
openshift-gitops-repo-server-74865656f4-9gxql                 1/1     Running   0          20h
openshift-gitops-server-66cb7c49cf-2mt5h                      1/1     Running   0          20h

[1m[0;34m══════════════════════════════════════════════[0m
[1m[0;34m  5. acm-placement ConfigMap  ← Root cause check[0m
[1m[0;34m══════════════════════════════════════════════[0m
  [0;31m✘ ConfigMap 'acm-placement' NOT FOUND in 'openshift-gitops'[0m
  [1;33m⚠ This is the root cause of your degraded ApplicationSet.[0m
  [0;36mℹ ACM creates this ConfigMap automatically once the full prerequisite[0m
  [0;36mℹ chain is in place: ManagedClusterSet → ManagedClusterSetBinding[0m
  [0;36mℹ → Placement → GitOpsCluster  (all in namespace: openshift-gitops)[0m

[1m[0;34m══════════════════════════════════════════════[0m
[1m[0;34m  6. ManagedClusterSets (cluster-scoped)[0m
[1m[0;34m══════════════════════════════════════════════[0m
  [0;32m✔ ManagedClusterSets found:[0m

  [1m$ oc get managedclusterset[0m
NAME              EMPTY   AGE
default           False   25h
gitops-clusters   True    20h
global            False   25h

[1m[0;34m══════════════════════════════════════════════[0m
[1m[0;34m  7. ManagedClusterSetBindings in 'openshift-gitops'[0m
[1m[0;34m══════════════════════════════════════════════[0m
  [0;32m✔ ManagedClusterSetBinding(s) found in 'openshift-gitops':[0m

  [1m$ oc get managedclustersetbinding -n openshift-gitops[0m
NAME              AGE
gitops-clusters   20h
  [0;32m✔ Bound clusterSet 'gitops-clusters' exists[0m

[1m[0;34m══════════════════════════════════════════════[0m
[1m[0;34m  8. Placements in 'openshift-gitops'[0m
[1m[0;34m══════════════════════════════════════════════[0m
  [0;32m✔ Placement(s) found in 'openshift-gitops':[0m

  [1m$ oc get placement -n openshift-gitops[0m
NAME               SUCCEEDED   REASON                       SELECTEDCLUSTERS
gitops-placement   False       AllManagedClusterSetsEmpty   
  [0;32m✔ PlacementDecision(s) exist (clusters are being selected):[0m

  [1m$ oc get placementdecision -n openshift-gitops[0m
NAME                          AGE
gitops-placement-decision-1   20h

[1m[0;34m══════════════════════════════════════════════[0m
[1m[0;34m  9. GitOpsCluster in 'openshift-gitops'[0m
[1m[0;34m══════════════════════════════════════════════[0m
  [0;31m✘ No GitOpsCluster found in 'openshift-gitops'[0m
  [1;33m⚠ Fix: create a GitOpsCluster resource[0m

  Example:
    apiVersion: apps.open-cluster-management.io/v1beta1
    kind: GitOpsCluster
    metadata:
      name: argo-acm-clusters
      namespace: openshift-gitops
    spec:
      argoServer:
        cluster: local-cluster
        argoNamespace: openshift-gitops
      placementRef:
        kind: Placement
        apiVersion: cluster.open-cluster-management.io/v1beta1
        name: acm-gitops-placement
        namespace: openshift-gitops

[1m[0;34m══════════════════════════════════════════════[0m
[1m[0;34m  10. Managed Clusters[0m
[1m[0;34m══════════════════════════════════════════════[0m
  [0;32m✔ Managed cluster(s) found:[0m

  [1m$ oc get managedcluster[0m
NAME            HUB ACCEPTED   MANAGED CLUSTER URLS                                        JOINED   AVAILABLE   AGE
dev-cluster     true           https://api.dev-cluster.sandbox1993.opentlc.com:6443        True     True        19h
local-cluster   true           https://api.cluster-8bzcr.dynamic.redhatworkshops.io:6443   True     True        25h
  [0;32m✔ 2 cluster(s) are Available[0m

[1m[0;34m══════════════════════════════════════════════[0m
[1m[0;34m  11. ArgoCD ApplicationSets in 'openshift-gitops'[0m
[1m[0;34m══════════════════════════════════════════════[0m
  [0;32m✔ ApplicationSet(s) found:[0m

  [1m$ oc get applicationset -n openshift-gitops[0m
NAME                    AGE
cluster-provisioning    15h
day2-logging            15h
day2-network-policies   15h
day2-rbac               15h

  [1mApplicationSet: cluster-provisioning[0m
    Conditions: [{"lastTransitionTime":"2026-05-04T23:30:24Z","message":"All applications have been generated successfully","reason":"ApplicationSetUpToDate","status":"False","type":"ErrorOccurred"},{"lastTransitionTime":"2026-05-04T23:30:24Z","message":"Successfully generated parameters for all Applications","reason":"ParametersGenerated","status":"True","type":"ParametersGenerated"},{"lastTransitionTime":"2026-05-04T23:30:24Z","message":"All applications have been generated successfully","reason":"ApplicationSetUpToDate","status":"True","type":"ResourcesUpToDate"}]

  [1mApplicationSet: day2-logging[0m
    Conditions: [{"lastTransitionTime":"2026-05-04T23:30:24Z","message":"error reading configMapRef: configmaps \"acm-placement\" not found","reason":"ApplicationGenerationFromParamsError","status":"True","type":"ErrorOccurred"},{"lastTransitionTime":"2026-05-04T23:30:24Z","message":"error reading configMapRef: configmaps \"acm-placement\" not found","reason":"ErrorOccurred","status":"False","type":"ParametersGenerated"},{"lastTransitionTime":"2026-05-04T23:30:24Z","message":"error reading configMapRef: configmaps \"acm-placement\" not found","reason":"ErrorOccurred","status":"False","type":"ResourcesUpToDate"}]

  [1mApplicationSet: day2-network-policies[0m
    Conditions: [{"lastTransitionTime":"2026-05-04T23:30:24Z","message":"error reading configMapRef: configmaps \"acm-placement\" not found","reason":"ApplicationGenerationFromParamsError","status":"True","type":"ErrorOccurred"},{"lastTransitionTime":"2026-05-04T23:30:24Z","message":"error reading configMapRef: configmaps \"acm-placement\" not found","reason":"ErrorOccurred","status":"False","type":"ParametersGenerated"},{"lastTransitionTime":"2026-05-04T23:30:24Z","message":"error reading configMapRef: configmaps \"acm-placement\" not found","reason":"ErrorOccurred","status":"False","type":"ResourcesUpToDate"}]

  [1mApplicationSet: day2-rbac[0m
    Conditions: [{"lastTransitionTime":"2026-05-04T23:30:23Z","message":"error reading configMapRef: configmaps \"acm-placement\" not found","reason":"ApplicationGenerationFromParamsError","status":"True","type":"ErrorOccurred"},{"lastTransitionTime":"2026-05-04T23:30:23Z","message":"error reading configMapRef: configmaps \"acm-placement\" not found","reason":"ErrorOccurred","status":"False","type":"ParametersGenerated"},{"lastTransitionTime":"2026-05-04T23:30:23Z","message":"error reading configMapRef: configmaps \"acm-placement\" not found","reason":"ErrorOccurred","status":"False","type":"ResourcesUpToDate"}]

[1m[0;34m══════════════════════════════════════════════[0m
[1m[0;34m  12. ArgoCD Applications (degraded/error only)[0m
[1m[0;34m══════════════════════════════════════════════[0m
  [1;33m⚠ Degraded/Error applications:[0m
acm-gitops-root   Synced      Degraded

[1m[0;34m══════════════════════════════════════════════[0m
[1m[0;34m  13. Cluster Secrets in 'openshift-gitops' (created by GitOpsCluster)[0m
[1m[0;34m══════════════════════════════════════════════[0m
  [1;33m⚠ No cluster secrets found — ACM has not yet registered clusters with ArgoCD[0m
  [0;36mℹ This will be created automatically once GitOpsCluster reconciles successfully[0m

[1m[0;34m══════════════════════════════════════════════[0m
[1m[0;34m  SUMMARY & NEXT STEPS[0m
[1m[0;34m══════════════════════════════════════════════[0m

  [0;32m✔ ManagedClusterSetBinding ✔[0m
  [0;32m✔ Placement               ✔[0m
  [0;31m✘ GitOpsCluster           ✘  ← apply 3-gitopscluster.yaml[0m
  [0;31m✘ acm-placement ConfigMap ✘  ← will appear after above 3 are fixed[0m

  Full log saved to: [1macm-gitops-troubleshoot-20260505-102404.log[0m

